2026-07-13T04:54:41.9889099Z Current runner version: '2.335.1'
2026-07-13T04:54:41.9913522Z ##[group]Runner Image Provisioner
2026-07-13T04:54:41.9914367Z Hosted Compute Agent
2026-07-13T04:54:41.9914912Z Version: 20260624.560
2026-07-13T04:54:41.9915480Z Commit: 925d229a51159bc391ae97e54a2dd1fe20af789d
2026-07-13T04:54:41.9916134Z Build Date: 2026-06-24T18:26:47Z
2026-07-13T04:54:41.9916730Z Worker ID: {1c4d1cf8-4de2-4476-8fac-0b14dde9da62}
2026-07-13T04:54:41.9917371Z Azure Region: westus3
2026-07-13T04:54:41.9917870Z ##[endgroup]
2026-07-13T04:54:41.9919073Z ##[group]Operating System
2026-07-13T04:54:41.9919695Z Microsoft Windows Server 2025
2026-07-13T04:54:41.9920226Z 10.0.26100
2026-07-13T04:54:41.9920680Z Datacenter
2026-07-13T04:54:41.9921230Z ##[endgroup]
2026-07-13T04:54:41.9921703Z ##[group]Runner Image
2026-07-13T04:54:41.9922218Z Image: windows-2025-vs2026
2026-07-13T04:54:41.9922742Z Version: 20260628.158.1
2026-07-13T04:54:41.9924156Z Included Software: https://github.com/actions/runner-images/blob/win25-vs2026/20260628.158/images/windows/Windows2025-VS2026-Readme.md
2026-07-13T04:54:41.9925741Z Image Release: https://github.com/actions/runner-images/releases/tag/win25-vs2026%2F20260628.158
2026-07-13T04:54:41.9926818Z ##[endgroup]
2026-07-13T04:54:41.9927917Z ##[group]GITHUB_TOKEN Permissions
2026-07-13T04:54:41.9929917Z Contents: read
2026-07-13T04:54:41.9930429Z Metadata: read
2026-07-13T04:54:41.9930936Z ##[endgroup]
2026-07-13T04:54:41.9933652Z Secret source: Actions
2026-07-13T04:54:41.9934333Z Prepare workflow directory
2026-07-13T04:54:42.0281142Z Prepare all required actions
2026-07-13T04:54:42.0320035Z Getting action download info
2026-07-13T04:54:42.3567347Z Download action repository 'actions/checkout@v6' (SHA:df4cb1c069e1874edd31b4311f1884172cec0e10)
2026-07-13T04:54:42.4673696Z Download action repository 'actions/setup-node@v6' (SHA:48b55a011bda9f5d6aeb4c2d9c7362e8dae4041e)
2026-07-13T04:54:42.6052885Z Download action repository 'actions/upload-artifact@v7' (SHA:043fb46d1a93c77aae656e7c1c64a875d1fc6a0a)
2026-07-13T04:54:42.8168993Z Complete job name: Build Windows
2026-07-13T04:54:42.9596057Z ##[group]Run actions/checkout@v6
2026-07-13T04:54:42.9597143Z with:
2026-07-13T04:54:42.9597520Z   persist-credentials: false
2026-07-13T04:54:42.9597963Z   repository: yunmm123/AuroraBeat
2026-07-13T04:54:42.9601844Z   token: ***
2026-07-13T04:54:42.9602186Z   ssh-strict: true
2026-07-13T04:54:42.9602537Z   ssh-user: git
2026-07-13T04:54:42.9602864Z   clean: true
2026-07-13T04:54:42.9603218Z   sparse-checkout-cone-mode: true
2026-07-13T04:54:42.9603656Z   fetch-depth: 1
2026-07-13T04:54:42.9604005Z   fetch-tags: false
2026-07-13T04:54:42.9604642Z   show-progress: true
2026-07-13T04:54:42.9605017Z   lfs: false
2026-07-13T04:54:42.9605358Z   submodules: false
2026-07-13T04:54:42.9605728Z   set-safe-directory: true
2026-07-13T04:54:42.9606423Z ##[endgroup]
2026-07-13T04:54:43.1366325Z Syncing repository: yunmm123/AuroraBeat
2026-07-13T04:54:43.1368576Z ##[group]Getting Git version info
2026-07-13T04:54:43.1369184Z Working directory is 'D:\a\AuroraBeat\AuroraBeat'
2026-07-13T04:54:43.2183352Z [command]"C:\Program Files\Git\bin\git.exe" version
2026-07-13T04:54:43.5583948Z git version 2.54.0.windows.1
2026-07-13T04:54:43.5641029Z ##[endgroup]
2026-07-13T04:54:43.5665554Z Temporarily overriding HOME='D:\a\_temp\182ff1af-bb3d-4c20-9aa8-47dbd5ea98ec' before making global git config changes
2026-07-13T04:54:43.5668209Z Adding repository directory to the temporary git global config as a safe directory
2026-07-13T04:54:43.5676807Z [command]"C:\Program Files\Git\bin\git.exe" config --global --add safe.directory D:\a\AuroraBeat\AuroraBeat
2026-07-13T04:54:43.6242789Z Deleting the contents of 'D:\a\AuroraBeat\AuroraBeat'
2026-07-13T04:54:43.6249483Z ##[group]Determining repository object format
2026-07-13T04:54:43.6252227Z ##[endgroup]
2026-07-13T04:54:43.6253005Z ##[group]Initializing the repository
2026-07-13T04:54:43.6261356Z [command]"C:\Program Files\Git\bin\git.exe" init D:\a\AuroraBeat\AuroraBeat
2026-07-13T04:54:43.7078477Z Initialized empty Git repository in D:/a/AuroraBeat/AuroraBeat/.git/
2026-07-13T04:54:43.7131436Z [command]"C:\Program Files\Git\bin\git.exe" remote add origin https://github.com/yunmm123/AuroraBeat
2026-07-13T04:54:43.7630375Z ##[endgroup]
2026-07-13T04:54:43.7631899Z ##[group]Disabling automatic garbage collection
2026-07-13T04:54:43.7638384Z [command]"C:\Program Files\Git\bin\git.exe" config --local gc.auto 0
2026-07-13T04:54:43.7921364Z ##[endgroup]
2026-07-13T04:54:43.7923025Z ##[group]Setting up auth
2026-07-13T04:54:43.7924131Z Removing SSH command configuration
2026-07-13T04:54:43.7933375Z [command]"C:\Program Files\Git\bin\git.exe" config --local --name-only --get-regexp core\.sshCommand
2026-07-13T04:54:43.8222092Z [command]"C:\Program Files\Git\bin\git.exe" submodule foreach --recursive "sh -c \"git config --local --name-only --get-regexp 'core\.sshCommand' && git config --local --unset-all 'core.sshCommand' || :\""
2026-07-13T04:54:45.1353890Z Removing HTTP extra header
2026-07-13T04:54:45.1363649Z [command]"C:\Program Files\Git\bin\git.exe" config --local --name-only --get-regexp http\.https\:\/\/github\.com\/\.extraheader
2026-07-13T04:54:45.1650328Z [command]"C:\Program Files\Git\bin\git.exe" submodule foreach --recursive "sh -c \"git config --local --name-only --get-regexp 'http\.https\:\/\/github\.com\/\.extraheader' && git config --local --unset-all 'http.https://github.com/.extraheader' || :\""
2026-07-13T04:54:45.6479080Z Removing includeIf entries pointing to credentials config files
2026-07-13T04:54:45.6488902Z [command]"C:\Program Files\Git\bin\git.exe" config --local --name-only --get-regexp ^includeIf\.gitdir:
2026-07-13T04:54:45.6771860Z [command]"C:\Program Files\Git\bin\git.exe" submodule foreach --recursive "git config --local --show-origin --name-only --get-regexp remote.origin.url"
2026-07-13T04:54:46.1588731Z [command]"C:\Program Files\Git\bin\git.exe" config --file D:\a\_temp\git-credentials-329bed9f-3a8d-4f7f-95ea-4bd19dddedd2.config http.https://github.com/.extraheader "AUTHORIZATION: basic ***"
2026-07-13T04:54:46.1894109Z [command]"C:\Program Files\Git\bin\git.exe" config --local includeIf.gitdir:D:/a/AuroraBeat/AuroraBeat/.git.path D:\a\_temp\git-credentials-329bed9f-3a8d-4f7f-95ea-4bd19dddedd2.config
2026-07-13T04:54:46.2181596Z [command]"C:\Program Files\Git\bin\git.exe" config --local includeIf.gitdir:D:/a/AuroraBeat/AuroraBeat/.git/worktrees/*.path D:\a\_temp\git-credentials-329bed9f-3a8d-4f7f-95ea-4bd19dddedd2.config
2026-07-13T04:54:46.2521458Z [command]"C:\Program Files\Git\bin\git.exe" config --local includeIf.gitdir:/github/workspace/.git.path /github/runner_temp/git-credentials-329bed9f-3a8d-4f7f-95ea-4bd19dddedd2.config
2026-07-13T04:54:46.2826113Z [command]"C:\Program Files\Git\bin\git.exe" config --local includeIf.gitdir:/github/workspace/.git/worktrees/*.path /github/runner_temp/git-credentials-329bed9f-3a8d-4f7f-95ea-4bd19dddedd2.config
2026-07-13T04:54:46.3118602Z ##[endgroup]
2026-07-13T04:54:46.3119524Z ##[group]Fetching the repository
2026-07-13T04:54:46.3132657Z [command]"C:\Program Files\Git\bin\git.exe" -c protocol.version=2 fetch --no-tags --prune --no-recurse-submodules --depth=1 origin +refs/tags/v3.8.6:refs/tags/v3.8.6
2026-07-13T04:54:47.6218118Z From https://github.com/yunmm123/AuroraBeat
2026-07-13T04:54:47.6218797Z  * [new tag]         v3.8.6     -> v3.8.6
2026-07-13T04:54:47.6585200Z [command]"C:\Program Files\Git\bin\git.exe" tag --list v3.8.6
2026-07-13T04:54:47.6923853Z v3.8.6
2026-07-13T04:54:47.6981347Z [command]"C:\Program Files\Git\bin\git.exe" rev-parse refs/tags/v3.8.6^{commit}
2026-07-13T04:54:47.7274798Z 3d16105e24fcd0e111f217fc334f571df3dec621
2026-07-13T04:54:47.7312993Z ##[endgroup]
2026-07-13T04:54:47.7313359Z ##[group]Determining the checkout info
2026-07-13T04:54:47.7314782Z ##[endgroup]
2026-07-13T04:54:47.7323790Z [command]"C:\Program Files\Git\bin\git.exe" sparse-checkout disable
2026-07-13T04:54:47.7694554Z [command]"C:\Program Files\Git\bin\git.exe" config --local --unset-all extensions.worktreeConfig
2026-07-13T04:54:47.7972466Z ##[group]Checking out the ref
2026-07-13T04:54:47.7981270Z [command]"C:\Program Files\Git\bin\git.exe" checkout --progress --force refs/tags/v3.8.6
2026-07-13T04:54:47.8592101Z Note: switching to 'refs/tags/v3.8.6'.
2026-07-13T04:54:47.8592531Z 
2026-07-13T04:54:47.8592824Z You are in 'detached HEAD' state. You can look around, make experimental
2026-07-13T04:54:47.8593555Z changes and commit them, and you can discard any commits you make in this
2026-07-13T04:54:47.8594272Z state without impacting any branches by switching back to a branch.
2026-07-13T04:54:47.8594621Z 
2026-07-13T04:54:47.8594790Z If you want to create a new branch to retain commits you create, you may
2026-07-13T04:54:47.8595201Z do so (now or later) by using -c with the switch command. Example:
2026-07-13T04:54:47.8595464Z 
2026-07-13T04:54:47.8595615Z   git switch -c <new-branch-name>
2026-07-13T04:54:47.8595789Z 
2026-07-13T04:54:47.8595880Z Or undo this operation with:
2026-07-13T04:54:47.8596107Z 
2026-07-13T04:54:47.8596214Z   git switch -
2026-07-13T04:54:47.8596336Z 
2026-07-13T04:54:47.8596546Z Turn off this advice by setting config variable advice.detachedHead to false
2026-07-13T04:54:47.8596823Z 
2026-07-13T04:54:47.8597311Z HEAD is now at 3d16105 fix: 删除 Three.js 场域背景的鼠标点击水波纹（shader sin 扩散波纹）
2026-07-13T04:54:47.8667544Z ##[endgroup]
2026-07-13T04:54:47.9025000Z [command]"C:\Program Files\Git\bin\git.exe" log -1 --format=%H
2026-07-13T04:54:47.9280692Z 3d16105e24fcd0e111f217fc334f571df3dec621
2026-07-13T04:54:47.9328983Z ##[group]Removing auth
2026-07-13T04:54:47.9329313Z Removing SSH command configuration
2026-07-13T04:54:47.9337971Z [command]"C:\Program Files\Git\bin\git.exe" config --local --name-only --get-regexp core\.sshCommand
2026-07-13T04:54:47.9632048Z [command]"C:\Program Files\Git\bin\git.exe" submodule foreach --recursive "sh -c \"git config --local --name-only --get-regexp 'core\.sshCommand' && git config --local --unset-all 'core.sshCommand' || :\""
2026-07-13T04:54:48.5025093Z Removing HTTP extra header
2026-07-13T04:54:48.5032988Z [command]"C:\Program Files\Git\bin\git.exe" config --local --name-only --get-regexp http\.https\:\/\/github\.com\/\.extraheader
2026-07-13T04:54:48.5324259Z [command]"C:\Program Files\Git\bin\git.exe" submodule foreach --recursive "sh -c \"git config --local --name-only --get-regexp 'http\.https\:\/\/github\.com\/\.extraheader' && git config --local --unset-all 'http.https://github.com/.extraheader' || :\""
2026-07-13T04:54:49.0552252Z Removing includeIf entries pointing to credentials config files
2026-07-13T04:54:49.0560245Z [command]"C:\Program Files\Git\bin\git.exe" config --local --name-only --get-regexp ^includeIf\.gitdir:
2026-07-13T04:54:49.0819984Z includeif.gitdir:D:/a/AuroraBeat/AuroraBeat/.git.path
2026-07-13T04:54:49.0820602Z includeif.gitdir:D:/a/AuroraBeat/AuroraBeat/.git/worktrees/*.path
2026-07-13T04:54:49.0821156Z includeif.gitdir:/github/workspace/.git.path
2026-07-13T04:54:49.0821999Z includeif.gitdir:/github/workspace/.git/worktrees/*.path
2026-07-13T04:54:49.0883809Z [command]"C:\Program Files\Git\bin\git.exe" config --local --get-all includeif.gitdir:D:/a/AuroraBeat/AuroraBeat/.git.path
2026-07-13T04:54:49.1134765Z D:\a\_temp\git-credentials-329bed9f-3a8d-4f7f-95ea-4bd19dddedd2.config
2026-07-13T04:54:49.1184332Z [command]"C:\Program Files\Git\bin\git.exe" config --local --unset includeif.gitdir:D:/a/AuroraBeat/AuroraBeat/.git.path D:\a\_temp\git-credentials-329bed9f-3a8d-4f7f-95ea-4bd19dddedd2.config
2026-07-13T04:54:49.1467173Z [command]"C:\Program Files\Git\bin\git.exe" config --local --get-all includeif.gitdir:D:/a/AuroraBeat/AuroraBeat/.git/worktrees/*.path
2026-07-13T04:54:49.1706129Z D:\a\_temp\git-credentials-329bed9f-3a8d-4f7f-95ea-4bd19dddedd2.config
2026-07-13T04:54:49.1751774Z [command]"C:\Program Files\Git\bin\git.exe" config --local --unset includeif.gitdir:D:/a/AuroraBeat/AuroraBeat/.git/worktrees/*.path D:\a\_temp\git-credentials-329bed9f-3a8d-4f7f-95ea-4bd19dddedd2.config
2026-07-13T04:54:49.2030685Z [command]"C:\Program Files\Git\bin\git.exe" config --local --get-all includeif.gitdir:/github/workspace/.git.path
2026-07-13T04:54:49.2271980Z /github/runner_temp/git-credentials-329bed9f-3a8d-4f7f-95ea-4bd19dddedd2.config
2026-07-13T04:54:49.2319625Z [command]"C:\Program Files\Git\bin\git.exe" config --local --unset includeif.gitdir:/github/workspace/.git.path /github/runner_temp/git-credentials-329bed9f-3a8d-4f7f-95ea-4bd19dddedd2.config
2026-07-13T04:54:49.2618617Z [command]"C:\Program Files\Git\bin\git.exe" config --local --get-all includeif.gitdir:/github/workspace/.git/worktrees/*.path
2026-07-13T04:54:49.2858157Z /github/runner_temp/git-credentials-329bed9f-3a8d-4f7f-95ea-4bd19dddedd2.config
2026-07-13T04:54:49.2901199Z [command]"C:\Program Files\Git\bin\git.exe" config --local --unset includeif.gitdir:/github/workspace/.git/worktrees/*.path /github/runner_temp/git-credentials-329bed9f-3a8d-4f7f-95ea-4bd19dddedd2.config
2026-07-13T04:54:49.3195664Z [command]"C:\Program Files\Git\bin\git.exe" submodule foreach --recursive "git config --local --show-origin --name-only --get-regexp remote.origin.url"
2026-07-13T04:54:49.8013850Z Removing credentials config 'D:\a\_temp\git-credentials-329bed9f-3a8d-4f7f-95ea-4bd19dddedd2.config'
2026-07-13T04:54:49.8026999Z ##[endgroup]
2026-07-13T04:54:49.8404932Z ##[group]Run actions/setup-node@v6
2026-07-13T04:54:49.8405243Z with:
2026-07-13T04:54:49.8405427Z   node-version: 24
2026-07-13T04:54:49.8405607Z   cache: npm
2026-07-13T04:54:49.8405779Z   check-latest: false
2026-07-13T04:54:49.8408268Z   token: ***
2026-07-13T04:54:49.8408454Z   package-manager-cache: true
2026-07-13T04:54:49.8408675Z ##[endgroup]
2026-07-13T04:54:50.0382975Z Found in cache @ C:\hostedtoolcache\windows\node\24.18.0\x64
2026-07-13T04:54:50.0391344Z ##[group]Environment details
2026-07-13T04:54:54.5432394Z node: v24.18.0
2026-07-13T04:54:54.5432891Z npm: 11.16.0
2026-07-13T04:54:54.5433168Z yarn: 1.22.22
2026-07-13T04:54:54.5433776Z ##[endgroup]
2026-07-13T04:54:54.6038962Z [command]C:\Windows\system32\cmd.exe /D /S /C "C:\hostedtoolcache\windows\node\24.18.0\x64\npm.cmd config get cache"
2026-07-13T04:54:55.0691053Z C:\npm\cache
2026-07-13T04:54:55.4416806Z Cache hit for: node-cache-Windows-x64-npm-14e6befd9fa9c064ad58a0ad6eeb602b5ae50fa8997f2ebb1b5c9b9e8b94edb7
2026-07-13T04:54:56.6704840Z Received 67108864 of 105331336 (63.7%), 63.2 MBs/sec
2026-07-13T04:54:56.9183399Z Received 105331336 of 105331336 (100.0%), 79.7 MBs/sec
2026-07-13T04:54:56.9185238Z Cache Size: ~100 MB (105331336 B)
2026-07-13T04:54:56.9212241Z [command]"C:\Program Files\Git\usr\bin\tar.exe" -xf D:/a/_temp/73aaf1c6-3ca3-492a-a04c-ed7f44de0667/cache.tzst -P -C D:/a/AuroraBeat/AuroraBeat --force-local --use-compress-program "zstd -d"
2026-07-13T04:54:59.5244872Z Cache restored successfully
2026-07-13T04:54:59.5357949Z Cache restored from key: node-cache-Windows-x64-npm-14e6befd9fa9c064ad58a0ad6eeb602b5ae50fa8997f2ebb1b5c9b9e8b94edb7
2026-07-13T04:54:59.5770134Z ##[group]Run npm install
2026-07-13T04:54:59.5770495Z [36;1mnpm install[0m
2026-07-13T04:54:59.6515720Z shell: C:\Program Files\PowerShell\7\pwsh.EXE -command ". '{0}'"
2026-07-13T04:54:59.6516072Z env:
2026-07-13T04:54:59.6516352Z   ELECTRON_MIRROR: https://npmmirror.com/mirrors/electron/
2026-07-13T04:54:59.6516840Z   ELECTRON_BUILDER_BINARIES_MIRROR: https://npmmirror.com/mirrors/electron-builder-binaries/
2026-07-13T04:54:59.6517262Z ##[endgroup]
2026-07-13T04:55:09.9851347Z npm warn deprecated inflight@1.0.6: This module is not supported, and leaks memory. Do not use it. Check out lru-cache if you want a good and tested way to coalesce async requests by a key value, which is much more comprehensive and powerful.
2026-07-13T04:55:10.2315858Z npm warn deprecated glob@7.2.3: Old versions of glob are not supported, and contain widely publicized security vulnerabilities, which have been fixed in the current version. Please update. Support for old versions may be purchased (at exorbitant rates) by contacting i@izs.me
2026-07-13T04:55:10.9302934Z npm warn deprecated boolean@3.2.0: Package no longer supported. Contact Support at https://www.npmjs.com/support for more info.
2026-07-13T04:55:11.3376903Z npm warn deprecated tar@6.2.1: Old versions of tar are not supported, and contain widely publicized security vulnerabilities, which have been fixed in the current version. Please update. Support for old versions may be purchased (at exorbitant rates) by contacting i@izs.me
2026-07-13T04:55:12.6375460Z npm warn deprecated glob@10.5.0: Old versions of glob are not supported, and contain widely publicized security vulnerabilities, which have been fixed in the current version. Please update. Support for old versions may be purchased (at exorbitant rates) by contacting i@izs.me
2026-07-13T04:55:30.9471239Z 
2026-07-13T04:55:30.9473123Z added 595 packages, and audited 596 packages in 26s
2026-07-13T04:55:30.9473956Z 
2026-07-13T04:55:30.9474309Z 96 packages are looking for funding
2026-07-13T04:55:30.9476132Z   run `npm fund` for details
2026-07-13T04:55:31.0263023Z 
2026-07-13T04:55:31.0263878Z 11 vulnerabilities (2 moderate, 9 high)
2026-07-13T04:55:31.0264301Z 
2026-07-13T04:55:31.0264620Z To address issues that do not require attention, run:
2026-07-13T04:55:31.0265096Z   npm audit fix
2026-07-13T04:55:31.0265285Z 
2026-07-13T04:55:31.0265571Z To address all issues (including breaking changes), run:
2026-07-13T04:55:31.0266077Z   npm audit fix --force
2026-07-13T04:55:31.0266310Z 
2026-07-13T04:55:31.0266497Z Run `npm audit` for details.
2026-07-13T04:55:31.0278319Z npm warn allow-scripts 2 packages have install scripts not yet covered by allowScripts:
2026-07-13T04:55:31.0278956Z npm warn allow-scripts   electron@29.4.6 (postinstall: node install.js)
2026-07-13T04:55:31.0279478Z npm warn allow-scripts   esbuild@0.21.5 (postinstall: node install.js)
2026-07-13T04:55:31.0279866Z npm warn allow-scripts
2026-07-13T04:55:31.0280499Z npm warn allow-scripts Run `npm approve-scripts --allow-scripts-pending` to review, or `npm approve-scripts <pkg>` to allow.
2026-07-13T04:55:31.9576546Z ##[group]Run npm run build:win
2026-07-13T04:55:31.9577006Z [36;1mnpm run build:win[0m
2026-07-13T04:55:31.9636485Z shell: C:\Program Files\PowerShell\7\pwsh.EXE -command ". '{0}'"
2026-07-13T04:55:31.9636837Z env:
2026-07-13T04:55:31.9637117Z   ELECTRON_MIRROR: https://npmmirror.com/mirrors/electron/
2026-07-13T04:55:31.9637621Z   ELECTRON_BUILDER_BINARIES_MIRROR: https://npmmirror.com/mirrors/electron-builder-binaries/
2026-07-13T04:55:31.9638054Z ##[endgroup]
2026-07-13T04:55:32.6620244Z 
2026-07-13T04:55:32.6620991Z > aurorabeat@3.8.6 build:win
2026-07-13T04:55:32.6621757Z > tsc && vite build && electron-builder --win --publish never
2026-07-13T04:55:32.6622195Z 
2026-07-13T04:55:35.5407118Z ##[error]electron/main.ts(207,14): error TS2339: Property 'isQuitting' does not exist on type 'App'.
2026-07-13T04:55:35.5414748Z ##[error]electron/main.ts(231,39): error TS2339: Property 'isQuitting' does not exist on type 'App'.
2026-07-13T04:55:35.6456549Z ##[error]Process completed with exit code 1.
2026-07-13T04:55:35.6704810Z Post job cleanup.
2026-07-13T04:55:35.8444088Z [command]"C:\Program Files\Git\bin\git.exe" version
2026-07-13T04:55:35.8711009Z git version 2.54.0.windows.1
2026-07-13T04:55:35.8797256Z Temporarily overriding HOME='D:\a\_temp\8c59131a-c902-48f0-a730-9fa92a2bb23b' before making global git config changes
2026-07-13T04:55:35.8798940Z Adding repository directory to the temporary git global config as a safe directory
2026-07-13T04:55:35.8809165Z [command]"C:\Program Files\Git\bin\git.exe" config --global --add safe.directory D:\a\AuroraBeat\AuroraBeat
2026-07-13T04:55:35.9115201Z Removing SSH command configuration
2026-07-13T04:55:35.9126547Z [command]"C:\Program Files\Git\bin\git.exe" config --local --name-only --get-regexp core\.sshCommand
2026-07-13T04:55:35.9427846Z [command]"C:\Program Files\Git\bin\git.exe" submodule foreach --recursive "sh -c \"git config --local --name-only --get-regexp 'core\.sshCommand' && git config --local --unset-all 'core.sshCommand' || :\""
2026-07-13T04:55:36.4977246Z Removing HTTP extra header
2026-07-13T04:55:36.4987228Z [command]"C:\Program Files\Git\bin\git.exe" config --local --name-only --get-regexp http\.https\:\/\/github\.com\/\.extraheader
2026-07-13T04:55:36.5293068Z [command]"C:\Program Files\Git\bin\git.exe" submodule foreach --recursive "sh -c \"git config --local --name-only --get-regexp 'http\.https\:\/\/github\.com\/\.extraheader' && git config --local --unset-all 'http.https://github.com/.extraheader' || :\""
2026-07-13T04:55:37.0231800Z Removing includeIf entries pointing to credentials config files
2026-07-13T04:55:37.0243949Z [command]"C:\Program Files\Git\bin\git.exe" config --local --name-only --get-regexp ^includeIf\.gitdir:
2026-07-13T04:55:37.0486647Z includeif.gitdir:D:/a/AuroraBeat/AuroraBeat/.git.path
2026-07-13T04:55:37.0487514Z includeif.gitdir:D:/a/AuroraBeat/AuroraBeat/.git/worktrees/*.path
2026-07-13T04:55:37.0530572Z [command]"C:\Program Files\Git\bin\git.exe" config --local --get-all includeif.gitdir:D:/a/AuroraBeat/AuroraBeat/.git.path
2026-07-13T04:55:37.0771821Z D:\a\_temp\git-credentials-329bed9f-3a8d-4f7f-95ea-4bd19dddedd2.config
2026-07-13T04:55:37.0819932Z [command]"C:\Program Files\Git\bin\git.exe" config --local --unset includeif.gitdir:D:/a/AuroraBeat/AuroraBeat/.git.path D:\a\_temp\git-credentials-329bed9f-3a8d-4f7f-95ea-4bd19dddedd2.config
2026-07-13T04:55:37.1112181Z [command]"C:\Program Files\Git\bin\git.exe" config --local --get-all includeif.gitdir:D:/a/AuroraBeat/AuroraBeat/.git/worktrees/*.path
2026-07-13T04:55:37.1363390Z D:\a\_temp\git-credentials-329bed9f-3a8d-4f7f-95ea-4bd19dddedd2.config
2026-07-13T04:55:37.1479733Z [command]"C:\Program Files\Git\bin\git.exe" config --local --unset includeif.gitdir:D:/a/AuroraBeat/AuroraBeat/.git/worktrees/*.path D:\a\_temp\git-credentials-329bed9f-3a8d-4f7f-95ea-4bd19dddedd2.config
2026-07-13T04:55:37.1712524Z [command]"C:\Program Files\Git\bin\git.exe" submodule foreach --recursive "git config --local --show-origin --name-only --get-regexp remote.origin.url"
2026-07-13T04:55:37.6901936Z Removing credentials config 'D:\a\_temp\git-credentials-329bed9f-3a8d-4f7f-95ea-4bd19dddedd2.config'
2026-07-13T04:55:37.7099766Z Cleaning up orphan processes
